  Buffon's Needle.cpp
d:\portfolio\buffon's-needle\buffon's needle\buffon's needle.cpp(28): warning C4305: инициализация: усечение из "double" к "float"
d:\portfolio\buffon's-needle\buffon's needle\buffon's needle.cpp(31): warning C4244: =: преобразование "double" в "float", возможна потеря данных
d:\portfolio\buffon's-needle\buffon's needle\buffon's needle.cpp(48): warning C4244: аргумент: преобразование "float" в "int", возможна потеря данных
d:\portfolio\buffon's-needle\buffon's needle\buffon's needle.cpp(52): warning C4244: аргумент: преобразование "float" в "int", возможна потеря данных
d:\portfolio\buffon's-needle\buffon's needle\buffon's needle.cpp(53): warning C4244: аргумент: преобразование "float" в "int", возможна потеря данных
d:\portfolio\buffon's-needle\buffon's needle\buffon's needle.cpp(80): warning C4244: аргумент: преобразование "float" в "int", возможна потеря данных
d:\portfolio\buffon's-needle\buffon's needle\buffon's needle.cpp(81): warning C4244: аргумент: преобразование "float" в "int", возможна потеря данных
d:\portfolio\buffon's-needle\buffon's needle\buffon's needle.cpp(83): warning C4244: =: преобразование "int" в "float", возможна потеря данных
d:\portfolio\buffon's-needle\buffon's needle\buffon's needle.cpp(84): warning C4244: =: преобразование "int" в "float", возможна потеря данных
d:\portfolio\buffon's-needle\buffon's needle\buffon's needle.cpp(89): warning C4244: аргумент: преобразование "float" в "int", возможна потеря данных
d:\portfolio\buffon's-needle\buffon's needle\buffon's needle.cpp(92): warning C4244: аргумент: преобразование "float" в "int", возможна потеря данных
d:\portfolio\buffon's-needle\buffon's needle\buffon's needle.cpp(93): warning C4244: аргумент: преобразование "float" в "int", возможна потеря данных
d:\portfolio\buffon's-needle\buffon's needle\buffon's needle.cpp(96): warning C4244: аргумент: преобразование "float" в "int", возможна потеря данных
d:\portfolio\buffon's-needle\buffon's needle\buffon's needle.cpp(97): warning C4244: аргумент: преобразование "float" в "int", возможна потеря данных
d:\portfolio\buffon's-needle\buffon's needle\buffon's needle.cpp(100): warning C4244: аргумент: преобразование "float" в "int", возможна потеря данных
d:\portfolio\buffon's-needle\buffon's needle\buffon's needle.cpp(102): warning C4244: аргумент: преобразование "float" в "int", возможна потеря данных
d:\portfolio\buffon's-needle\buffon's needle\buffon's needle.cpp(105): warning C4244: аргумент: преобразование "float" в "int", возможна потеря данных
d:\portfolio\buffon's-needle\buffon's needle\buffon's needle.cpp(107): warning C4244: аргумент: преобразование "float" в "int", возможна потеря данных
d:\portfolio\buffon's-needle\buffon's needle\buffon's needle.cpp(110): warning C4244: аргумент: преобразование "float" в "int", возможна потеря данных
d:\portfolio\buffon's-needle\buffon's needle\buffon's needle.cpp(112): warning C4244: аргумент: преобразование "float" в "int", возможна потеря данных
d:\portfolio\buffon's-needle\buffon's needle\buffon's needle.cpp(115): warning C4244: аргумент: преобразование "float" в "int", возможна потеря данных
d:\portfolio\buffon's-needle\buffon's needle\buffon's needle.cpp(129): warning C4305: инициализация: усечение из "double" к "float"
d:\portfolio\buffon's-needle\buffon's needle\buffon's needle.cpp(135): warning C4244: =: преобразование "float" в "int", возможна потеря данных
d:\portfolio\buffon's-needle\buffon's needle\buffon's needle.cpp(136): warning C4244: =: преобразование "float" в "int", возможна потеря данных
d:\portfolio\buffon's-needle\buffon's needle\buffon's needle.cpp(137): warning C4244: =: преобразование "int" в "float", возможна потеря данных
d:\portfolio\buffon's-needle\buffon's needle\buffon's needle.cpp(138): warning C4244: =: преобразование "float" в "int", возможна потеря данных
d:\portfolio\buffon's-needle\buffon's needle\buffon's needle.cpp(139): warning C4244: =: преобразование "float" в "int", возможна потеря данных
d:\portfolio\buffon's-needle\buffon's needle\buffon's needle.cpp(140): warning C4244: =: преобразование "int" в "float", возможна потеря данных
  Buffon's Needle.vcxproj -> D:\Portfolio\Buffon's-Needle\Buffon's Needle\Debug\Buffon's Needle.exe
  Buffon's Needle.vcxproj -> D:\Portfolio\Buffon's-Needle\Buffon's Needle\Debug\Buffon's Needle.pdb (Full PDB)
